\BOOKMARK [1][-]{section*.1}{\376\377\000T\000a\000b\000l\000e\000\040\000d\000e\000s\000\040\000m\000a\000t\000i\000\350\000r\000e\000s}{}% 1
\BOOKMARK [1][-]{section.1}{\376\377\000I\000n\000t\000r\000o\000d\000u\000c\000t\000i\000o\000n}{}% 2
\BOOKMARK [2][-]{subsection.1.1}{\376\377\000P\000r\000\351\000s\000e\000n\000t\000a\000t\000i\000o\000n\000\040\000d\000u\000\040\000p\000r\000o\000b\000l\000\350\000m\000e}{section.1}% 3
\BOOKMARK [3][-]{subsubsection.1.1.1}{\376\377\000D\000e\000\040\000l\000'\000i\000m\000p\000o\000r\000t\000a\000n\000c\000e\000\040\000d\000e\000\040\000r\000e\000s\000p\000e\000c\000t\000e\000r\000\040\000l\000a\000\040\000c\000o\000n\000f\000i\000d\000e\000n\000t\000i\000a\000l\000i\000t\000\351}{subsection.1.1}% 4
\BOOKMARK [3][-]{subsubsection.1.1.2}{\376\377\000A\000n\000o\000n\000y\000m\000i\000s\000e\000r\000\040\000l\000e\000s\000\040\000d\000o\000n\000n\000\351\000e\000s\000\040\000n\000'\000e\000s\000t\000\040\000p\000a\000s\000\040\000s\000u\000f\000f\000i\000s\000a\000n\000t}{subsection.1.1}% 5
\BOOKMARK [3][-]{subsubsection.1.1.3}{\376\377\000L\000'\000a\000p\000p\000e\000l\000\040\000\340\000\040\000l\000a\000\040\000d\000i\000f\000f\000e\000r\000e\000n\000t\000i\000a\000l\000\040\000p\000r\000i\000v\000a\000c\000y}{subsection.1.1}% 6
\BOOKMARK [3][-]{subsubsection.1.1.4}{\376\377\000C\000o\000n\000t\000e\000n\000u\000\040\000d\000e\000\040\000c\000e\000\040\000r\000a\000p\000p\000o\000r\000t}{subsection.1.1}% 7
\BOOKMARK [2][-]{subsection.1.2}{\376\377\000B\000a\000c\000k\000g\000r\000o\000u\000n\000d\000\040\000e\000s\000s\000e\000n\000t\000i\000e\000l\000\040\000s\000u\000r\000\040\000l\000a\000\040\000d\000i\000f\000f\000e\000r\000e\000n\000t\000i\000a\000l\000\040\000p\000r\000i\000v\000a\000c\000y}{section.1}% 8
\BOOKMARK [2][-]{subsection.1.3}{\376\377\000L\000'\000\351\000c\000h\000e\000c\000\040\000d\000e\000\040\000l\000a\000\040\000m\000\351\000t\000h\000o\000d\000e\000\040\000n\000a\000\357\000v\000e}{section.1}% 9
\BOOKMARK [1][-]{section.2}{\376\377\000M\000\351\000t\000h\000o\000d\000e\000\040\000d\000e\000s\000\040\000h\000i\000s\000t\000o\000g\000r\000a\000m\000m\000e\000s}{}% 10
\BOOKMARK [2][-]{subsection.2.1}{\376\377\000A\000b\000o\000v\000e\000T\000h\000r\000e\000s\000h\000o\000l\000d}{section.2}% 11
\BOOKMARK [2][-]{subsection.2.2}{\376\377\000P\000r\000\351\000s\000e\000n\000t\000a\000t\000i\000o\000n\000\040\000d\000e\000\040\000l\000a\000\040\000m\000\351\000t\000h\000o\000d\000e\000\040\000d\000e\000s\000\040\000h\000i\000s\000t\000o\000g\000r\000a\000m\000m\000e\000s}{section.2}% 12
\BOOKMARK [2][-]{subsection.2.3}{\376\377\000A\000n\000a\000l\000y\000s\000e\000\040\000d\000e\000\040\000c\000o\000m\000p\000l\000e\000x\000i\000t\000\351}{section.2}% 13
\BOOKMARK [2][-]{subsection.2.4}{\376\377\000A\000n\000a\000l\000y\000s\000e\000\040\000d\000e\000\040\000p\000r\000\351\000c\000i\000s\000i\000o\000n\000\040\000-\000\040\000l\000e\000\040\000c\000a\000s\000\040\000d\000e\000\040\000l\000a\000\040\000d\000i\000s\000t\000r\000i\000b\000u\000t\000i\000o\000n\000\040\000u\000n\000i\000f\000o\000r\000m\000e\000\040\000s\000t\000a\000n\000d\000a\000r\000d}{section.2}% 14
\BOOKMARK [3][-]{subsubsection.2.4.1}{\376\377\000A\000n\000a\000l\000y\000s\000e\000\040\000d\000e\000\040\000p\000r\000\351\000c\000i\000s\000i\000o\000n\000:\000\040\000b\000o\000r\000n\000e\000\040\000e\000x\000a\000c\000t\000e}{subsection.2.4}% 15
\BOOKMARK [3][-]{subsubsection.2.4.2}{\376\377\000A\000n\000a\000l\000y\000s\000e\000\040\000d\000e\000\040\000p\000r\000\351\000c\000i\000s\000i\000o\000n\000:\000\040\000b\000o\000r\000n\000e\000\040\000a\000s\000y\000m\000p\000t\000o\000t\000i\000q\000u\000e}{subsection.2.4}% 16
\BOOKMARK [2][-]{subsection.2.5}{\376\377\000A\000n\000a\000l\000y\000s\000e\000\040\000d\000e\000\040\000p\000r\000\351\000c\000i\000s\000i\000o\000n\000\040\000-\000\040\000l\000e\000\040\000c\000a\000s\000\040\000d\000e\000\040\000l\000a\000\040\000l\000o\000i\000\040\000n\000o\000r\000m\000a\000l\000e\000\040\000c\000e\000n\000t\000r\000\351\000e\000\040\000r\000\351\000d\000u\000i\000t\000e}{section.2}% 17
\BOOKMARK [1][-]{section.3}{\376\377\000L\000e\000\040\000m\000\351\000c\000a\000n\000i\000s\000m\000e\000\040\000d\000e\000\040\000s\000e\000n\000s\000i\000b\000i\000l\000i\000t\000\351\000\040\000i\000n\000v\000e\000r\000s\000e}{}% 18
\BOOKMARK [2][-]{subsection.3.1}{\376\377\000P\000r\000\351\000s\000e\000n\000t\000a\000t\000i\000o\000n\000\040\000d\000u\000\040\000m\000\351\000c\000a\000n\000i\000s\000m\000e}{section.3}% 19
\BOOKMARK [2][-]{subsection.3.2}{\376\377\000A\000n\000a\000l\000y\000s\000e\000\040\000d\000e\000\040\000c\000o\000m\000p\000l\000e\000x\000i\000t\000\351}{section.3}% 20
\BOOKMARK [2][-]{subsection.3.3}{\376\377\000P\000r\000\351\000c\000i\000s\000i\000o\000n\000\040\000d\000u\000\040\000m\000\351\000c\000a\000n\000i\000s\000m\000e\000\040\000d\000e\000\040\000s\000e\000n\000s\000i\000b\000i\000l\000i\000t\000\351\000\040\000i\000n\000v\000e\000r\000s\000e\000\040\000p\000o\000u\000r\000\040\000l\000'\000e\000s\000t\000i\000m\000a\000t\000i\000o\000n\000\040\000d\000e\000\040\000d\000\351\000c\000i\000l\000e\000s}{section.3}% 21
\BOOKMARK [3][-]{subsubsection.3.3.1}{\376\377\000L\000e\000\040\000c\000a\000s\000\040\000g\000\351\000n\000\351\000r\000a\000l}{subsection.3.3}% 22
\BOOKMARK [3][-]{subsubsection.3.3.2}{\376\377\000A\000n\000a\000l\000y\000s\000e\000\040\000d\000e\000\040\000p\000r\000\351\000c\000i\000s\000i\000o\000n\000\040\000-\000\040\000l\000e\000\040\000c\000a\000s\000\040\000d\000e\000\040\000l\000a\000\040\000l\000o\000i\000\040\000u\000n\000i\000f\000o\000r\000m\000e\000\040\000s\000t\000a\000n\000d\000a\000r\000d}{subsection.3.3}% 23
\BOOKMARK [1][-]{section.4}{\376\377\000C\000o\000m\000p\000a\000r\000a\000i\000s\000o\000n\000\040\000e\000n\000t\000r\000e\000\040\000l\000e\000\040\000m\000\351\000c\000a\000n\000i\000s\000m\000e\000\040\000d\000e\000\040\000s\000e\000n\000s\000i\000b\000i\000l\000i\000t\000\351\000\040\000i\000n\000v\000e\000r\000s\000e\000\040\000e\000t\000\040\000l\000a\000\040\000m\000\351\000t\000h\000o\000d\000e\000\040\000d\000e\000s\000\040\000h\000i\000s\000t\000o\000g\000r\000a\000m\000m\000e\000s}{}% 24
\BOOKMARK [2][-]{subsection.4.1}{\376\377\000C\000o\000m\000p\000a\000r\000a\000i\000s\000o\000n\000\040\000d\000e\000s\000\040\000b\000o\000r\000n\000e\000s\000\040\000o\000b\000t\000e\000n\000u\000e\000s}{section.4}% 25
\BOOKMARK [2][-]{subsection.4.2}{\376\377\000R\000\351\000s\000u\000l\000t\000a\000t\000s\000\040\000e\000x\000p\000\351\000r\000i\000m\000e\000n\000t\000a\000u\000x}{section.4}% 26
\BOOKMARK [3][-]{subsubsection.4.2.1}{\376\377\000L\000e\000\040\000c\000a\000s\000\040\000d\000e\000\040\000l\000a\000\040\000l\000o\000i\000\040\000u\000n\000i\000f\000o\000r\000m\000e\000\040\000s\000t\000a\000n\000d\000a\000r\000d}{subsection.4.2}% 27
\BOOKMARK [3][-]{subsubsection.4.2.2}{\376\377\000L\000a\000\040\000l\000o\000i\000\040\000n\000o\000r\000m\000a\000l\000e\000\040\000c\000e\000n\000t\000r\000\351\000e\000\040\000r\000\351\000d\000u\000i\000t\000e}{subsection.4.2}% 28
\BOOKMARK [3][-]{subsubsection.4.2.3}{\376\377\000D\000e\000s\000\040\000d\000o\000n\000n\000\351\000e\000s\000\040\000r\000\351\000e\000l\000l\000e\000s}{subsection.4.2}% 29
\BOOKMARK [1][-]{section*.9}{\376\377\000R\000\351\000f\000\351\000r\000e\000n\000c\000e\000s}{}% 30
\BOOKMARK [1][-]{section*.10}{\376\377\000R\000\351\000f\000\351\000r\000e\000n\000c\000e\000s}{}% 31
\BOOKMARK [1][-]{appendix.A}{\376\377\000C\000o\000n\000t\000e\000x\000t\000e\000\040\000d\000u\000\040\000s\000t\000a\000g\000e}{}% 32
\BOOKMARK [1][-]{appendix.B}{\376\377\000M\000\351\000t\000h\000o\000d\000e\000\040\000d\000e\000s\000\040\000h\000i\000s\000t\000o\000g\000r\000a\000m\000m\000e\000s}{}% 33
\BOOKMARK [2][-]{subsection.B.1}{\376\377\000D\000\351\000m\000o\000n\000s\000t\000r\000a\000t\000i\000o\000n\000s\000\040\000d\000e\000\040\000b\000a\000s\000e\000s}{appendix.B}% 34
\BOOKMARK [2][-]{subsection.B.2}{\376\377\000A\000n\000a\000l\000y\000s\000e\000\040\000d\000e\000\040\000p\000r\000\351\000c\000i\000s\000i\000o\000n\000\040\000-\000\040\000l\000e\000\040\000c\000a\000s\000\040\000d\000e\000\040\000l\000a\000\040\000l\000o\000i\000\040\000u\000n\000i\000f\000o\000r\000m\000e\000\040\000s\000t\000a\000n\000d\000a\000r\000d}{appendix.B}% 35
\BOOKMARK [2][-]{subsection.B.3}{\376\377\000A\000n\000a\000l\000y\000s\000e\000\040\000d\000e\000\040\000p\000r\000\351\000c\000i\000s\000i\000o\000n\000\040\000-\000\040\000l\000e\000\040\000c\000a\000s\000\040\000d\000e\000\040\000l\000a\000\040\000l\000o\000i\000\040\000n\000o\000r\000m\000a\000l\000e\000\040\000c\000e\000n\000t\000r\000\351\000e\000\040\000r\000\351\000d\000u\000i\000t\000e}{appendix.B}% 36
\BOOKMARK [1][-]{appendix.C}{\376\377\000L\000e\000\040\000m\000\351\000c\000a\000n\000i\000s\000m\000e\000\040\000d\000e\000\040\000s\000e\000n\000s\000i\000b\000i\000l\000i\000t\000\351\000\040\000i\000n\000v\000e\000r\000s\000e}{}% 37
\BOOKMARK [2][-]{subsection.C.1}{\376\377\000L\000e\000\040\000m\000\351\000c\000a\000n\000i\000s\000m\000e\000\040\000e\000s\000t\000\040\000d\000i\000f\000f\000e\000r\000e\000n\000t\000i\000a\000l\000l\000y\000\040\000p\000r\000i\000v\000a\000t\000e}{appendix.C}% 38
\BOOKMARK [2][-]{subsection.C.2}{\376\377\000P\000r\000o\000b\000a\000b\000i\000l\000i\000t\000\351\000\040\000d\000e\000\040\000p\000r\000\351\000c\000i\000s\000i\000o\000n\000\040\000s\000u\000r\000\040\000l\000e\000s\000\040\000d\000\351\000c\000i\000l\000e\000s\000\040\000e\000m\000p\000i\000r\000i\000q\000u\000e\000s}{appendix.C}% 39
